{"/Users/yuanfeijie/Desktop/project/cn-nm/src/cn-nm.js": {"path":"/Users/yuanfeijie/Desktop/project/cn-nm/src/cn-nm.js","statementMap":{"0":{"start":{"line":8,"column":17},"end":{"line":8,"column":30}},"1":{"start":{"line":10,"column":12},"end":{"line":10,"column":15}},"2":{"start":{"line":12,"column":16},"end":{"line":12,"column":66}},"3":{"start":{"line":13,"column":21},"end":{"line":13,"column":122}},"4":{"start":{"line":15,"column":21},"end":{"line":15,"column":30}},"5":{"start":{"line":19,"column":22},"end":{"line":19,"column":54}},"6":{"start":{"line":28,"column":4},"end":{"line":28,"column":39}},"7":{"start":{"line":28,"column":30},"end":{"line":28,"column":39}},"8":{"start":{"line":31,"column":4},"end":{"line":31,"column":63}},"9":{"start":{"line":31,"column":34},"end":{"line":31,"column":63}},"10":{"start":{"line":32,"column":4},"end":{"line":32,"column":23}},"11":{"start":{"line":37,"column":4},"end":{"line":37,"column":26}},"12":{"start":{"line":38,"column":4},"end":{"line":38,"column":27}},"13":{"start":{"line":43,"column":4},"end":{"line":43,"column":39}},"14":{"start":{"line":43,"column":29},"end":{"line":43,"column":39}},"15":{"start":{"line":44,"column":4},"end":{"line":44,"column":58}},"16":{"start":{"line":52,"column":19},"end":{"line":52,"column":27}},"17":{"start":{"line":54,"column":14},"end":{"line":54,"column":16}},"18":{"start":{"line":55,"column":4},"end":{"line":55,"column":24}},"19":{"start":{"line":55,"column":14},"end":{"line":55,"column":24}},"20":{"start":{"line":57,"column":14},"end":{"line":57,"column":78}},"21":{"start":{"line":58,"column":4},"end":{"line":65,"column":7}},"22":{"start":{"line":59,"column":8},"end":{"line":63,"column":9}},"23":{"start":{"line":60,"column":12},"end":{"line":60,"column":83}},"24":{"start":{"line":62,"column":12},"end":{"line":62,"column":75}},"25":{"start":{"line":66,"column":4},"end":{"line":66,"column":53}},"26":{"start":{"line":71,"column":4},"end":{"line":71,"column":21}},"27":{"start":{"line":71,"column":14},"end":{"line":71,"column":21}},"28":{"start":{"line":72,"column":14},"end":{"line":72,"column":16}},"29":{"start":{"line":73,"column":14},"end":{"line":73,"column":28}},"30":{"start":{"line":74,"column":4},"end":{"line":81,"column":7}},"31":{"start":{"line":75,"column":8},"end":{"line":79,"column":9}},"32":{"start":{"line":76,"column":12},"end":{"line":76,"column":71}},"33":{"start":{"line":78,"column":12},"end":{"line":78,"column":35}},"34":{"start":{"line":82,"column":4},"end":{"line":82,"column":24}},"35":{"start":{"line":87,"column":19},"end":{"line":87,"column":32}},"36":{"start":{"line":88,"column":14},"end":{"line":88,"column":35}},"37":{"start":{"line":89,"column":14},"end":{"line":89,"column":24}},"38":{"start":{"line":90,"column":16},"end":{"line":90,"column":18}},"39":{"start":{"line":91,"column":4},"end":{"line":99,"column":7}},"40":{"start":{"line":92,"column":19},"end":{"line":92,"column":39}},"41":{"start":{"line":93,"column":8},"end":{"line":93,"column":38}},"42":{"start":{"line":93,"column":18},"end":{"line":93,"column":38}},"43":{"start":{"line":94,"column":8},"end":{"line":98,"column":9}},"44":{"start":{"line":95,"column":12},"end":{"line":95,"column":26}},"45":{"start":{"line":97,"column":12},"end":{"line":97,"column":58}},"46":{"start":{"line":100,"column":4},"end":{"line":100,"column":107}},"47":{"start":{"line":103,"column":4},"end":{"line":103,"column":17}},"48":{"start":{"line":109,"column":4},"end":{"line":109,"column":23}},"49":{"start":{"line":109,"column":13},"end":{"line":109,"column":23}},"50":{"start":{"line":110,"column":4},"end":{"line":110,"column":28}},"51":{"start":{"line":114,"column":4},"end":{"line":114,"column":24}},"52":{"start":{"line":114,"column":13},"end":{"line":114,"column":24}},"53":{"start":{"line":116,"column":4},"end":{"line":116,"column":41}},"54":{"start":{"line":117,"column":14},"end":{"line":117,"column":16}},"55":{"start":{"line":118,"column":15},"end":{"line":118,"column":17}},"56":{"start":{"line":119,"column":19},"end":{"line":119,"column":25}},"57":{"start":{"line":120,"column":4},"end":{"line":135,"column":7}},"58":{"start":{"line":121,"column":27},"end":{"line":121,"column":52}},"59":{"start":{"line":122,"column":8},"end":{"line":134,"column":9}},"60":{"start":{"line":123,"column":12},"end":{"line":127,"column":13}},"61":{"start":{"line":124,"column":16},"end":{"line":126,"column":17}},"62":{"start":{"line":124,"column":30},"end":{"line":124,"column":31}},"63":{"start":{"line":125,"column":20},"end":{"line":125,"column":43}},"64":{"start":{"line":128,"column":12},"end":{"line":128,"column":27}},"65":{"start":{"line":129,"column":12},"end":{"line":129,"column":22}},"66":{"start":{"line":130,"column":12},"end":{"line":130,"column":36}},"67":{"start":{"line":132,"column":12},"end":{"line":132,"column":22}},"68":{"start":{"line":133,"column":12},"end":{"line":133,"column":51}},"69":{"start":{"line":133,"column":36},"end":{"line":133,"column":51}},"70":{"start":{"line":136,"column":4},"end":{"line":136,"column":15}},"71":{"start":{"line":140,"column":4},"end":{"line":140,"column":23}},"72":{"start":{"line":140,"column":13},"end":{"line":140,"column":23}},"73":{"start":{"line":141,"column":4},"end":{"line":141,"column":42}},"74":{"start":{"line":141,"column":28},"end":{"line":141,"column":42}},"75":{"start":{"line":142,"column":4},"end":{"line":142,"column":24}},"76":{"start":{"line":143,"column":14},"end":{"line":143,"column":15}},"77":{"start":{"line":144,"column":15},"end":{"line":144,"column":16}},"78":{"start":{"line":145,"column":4},"end":{"line":153,"column":7}},"79":{"start":{"line":146,"column":8},"end":{"line":152,"column":9}},"80":{"start":{"line":147,"column":12},"end":{"line":147,"column":40}},"81":{"start":{"line":148,"column":12},"end":{"line":148,"column":48}},"82":{"start":{"line":148,"column":36},"end":{"line":148,"column":48}},"83":{"start":{"line":150,"column":20},"end":{"line":150,"column":45}},"84":{"start":{"line":151,"column":12},"end":{"line":151,"column":43}},"85":{"start":{"line":154,"column":4},"end":{"line":154,"column":15}},"86":{"start":{"line":159,"column":4},"end":{"line":159,"column":23}},"87":{"start":{"line":159,"column":13},"end":{"line":159,"column":23}},"88":{"start":{"line":160,"column":4},"end":{"line":160,"column":24}},"89":{"start":{"line":161,"column":4},"end":{"line":161,"column":35}},"90":{"start":{"line":161,"column":25},"end":{"line":161,"column":35}},"91":{"start":{"line":162,"column":14},"end":{"line":162,"column":19}},"92":{"start":{"line":163,"column":4},"end":{"line":165,"column":7}},"93":{"start":{"line":164,"column":8},"end":{"line":164,"column":39}},"94":{"start":{"line":166,"column":4},"end":{"line":166,"column":24}},"95":{"start":{"line":170,"column":4},"end":{"line":170,"column":45}},"96":{"start":{"line":170,"column":36},"end":{"line":170,"column":45}},"97":{"start":{"line":171,"column":4},"end":{"line":171,"column":22}},"98":{"start":{"line":172,"column":19},"end":{"line":172,"column":34}},"99":{"start":{"line":173,"column":22},"end":{"line":173,"column":45}},"100":{"start":{"line":174,"column":14},"end":{"line":174,"column":16}},"101":{"start":{"line":175,"column":4},"end":{"line":178,"column":7}},"102":{"start":{"line":176,"column":19},"end":{"line":176,"column":30}},"103":{"start":{"line":177,"column":8},"end":{"line":177,"column":30}},"104":{"start":{"line":179,"column":4},"end":{"line":179,"column":29}},"105":{"start":{"line":182,"column":20},"end":{"line":182,"column":27}},"106":{"start":{"line":183,"column":20},"end":{"line":183,"column":26}}},"fnMap":{"0":{"name":"formatNum","decl":{"start":{"line":26,"column":9},"end":{"line":26,"column":18}},"loc":{"start":{"line":26,"column":25},"end":{"line":33,"column":1}},"line":26},"1":{"name":"dealNum","decl":{"start":{"line":36,"column":9},"end":{"line":36,"column":16}},"loc":{"start":{"line":36,"column":22},"end":{"line":39,"column":1}},"line":36},"2":{"name":"splitNum","decl":{"start":{"line":42,"column":9},"end":{"line":42,"column":17}},"loc":{"start":{"line":42,"column":23},"end":{"line":46,"column":1}},"line":42},"3":{"name":"switchNum","decl":{"start":{"line":49,"column":9},"end":{"line":49,"column":18}},"loc":{"start":{"line":49,"column":32},"end":{"line":68,"column":1}},"line":49},"4":{"name":"(anonymous_4)","decl":{"start":{"line":58,"column":12},"end":{"line":58,"column":13}},"loc":{"start":{"line":58,"column":25},"end":{"line":65,"column":5}},"line":58},"5":{"name":"switchDecimal","decl":{"start":{"line":70,"column":9},"end":{"line":70,"column":22}},"loc":{"start":{"line":70,"column":28},"end":{"line":83,"column":1}},"line":70},"6":{"name":"(anonymous_6)","decl":{"start":{"line":74,"column":12},"end":{"line":74,"column":13}},"loc":{"start":{"line":74,"column":25},"end":{"line":81,"column":5}},"line":74},"7":{"name":"joinNum","decl":{"start":{"line":86,"column":9},"end":{"line":86,"column":16}},"loc":{"start":{"line":86,"column":24},"end":{"line":104,"column":1}},"line":86},"8":{"name":"(anonymous_8)","decl":{"start":{"line":91,"column":12},"end":{"line":91,"column":13}},"loc":{"start":{"line":91,"column":25},"end":{"line":99,"column":5}},"line":91},"9":{"name":"dealHz","decl":{"start":{"line":108,"column":9},"end":{"line":108,"column":15}},"loc":{"start":{"line":108,"column":20},"end":{"line":111,"column":1}},"line":108},"10":{"name":"splitHz","decl":{"start":{"line":113,"column":9},"end":{"line":113,"column":16}},"loc":{"start":{"line":113,"column":21},"end":{"line":137,"column":1}},"line":113},"11":{"name":"(anonymous_11)","decl":{"start":{"line":120,"column":12},"end":{"line":120,"column":13}},"loc":{"start":{"line":120,"column":25},"end":{"line":135,"column":5}},"line":120},"12":{"name":"switchHz","decl":{"start":{"line":139,"column":9},"end":{"line":139,"column":17}},"loc":{"start":{"line":139,"column":22},"end":{"line":156,"column":1}},"line":139},"13":{"name":"(anonymous_13)","decl":{"start":{"line":145,"column":12},"end":{"line":145,"column":13}},"loc":{"start":{"line":145,"column":25},"end":{"line":153,"column":5}},"line":145},"14":{"name":"switchDecimalHz","decl":{"start":{"line":158,"column":9},"end":{"line":158,"column":24}},"loc":{"start":{"line":158,"column":29},"end":{"line":167,"column":1}},"line":158},"15":{"name":"(anonymous_15)","decl":{"start":{"line":163,"column":12},"end":{"line":163,"column":13}},"loc":{"start":{"line":163,"column":23},"end":{"line":165,"column":5}},"line":163},"16":{"name":"joinHz","decl":{"start":{"line":169,"column":9},"end":{"line":169,"column":15}},"loc":{"start":{"line":169,"column":20},"end":{"line":180,"column":1}},"line":169},"17":{"name":"(anonymous_17)","decl":{"start":{"line":175,"column":17},"end":{"line":175,"column":18}},"loc":{"start":{"line":175,"column":28},"end":{"line":178,"column":5}},"line":175}},"branchMap":{"0":{"loc":{"start":{"line":28,"column":4},"end":{"line":28,"column":39}},"type":"if","locations":[{"start":{"line":28,"column":4},"end":{"line":28,"column":39}},{"start":{},"end":{}}],"line":28},"1":{"loc":{"start":{"line":28,"column":8},"end":{"line":28,"column":28}},"type":"binary-expr","locations":[{"start":{"line":28,"column":8},"end":{"line":28,"column":13}},{"start":{"line":28,"column":17},"end":{"line":28,"column":28}}],"line":28},"2":{"loc":{"start":{"line":31,"column":4},"end":{"line":31,"column":63}},"type":"if","locations":[{"start":{"line":31,"column":4},"end":{"line":31,"column":63}},{"start":{},"end":{}}],"line":31},"3":{"loc":{"start":{"line":43,"column":4},"end":{"line":43,"column":39}},"type":"if","locations":[{"start":{"line":43,"column":4},"end":{"line":43,"column":39}},{"start":{},"end":{}}],"line":43},"4":{"loc":{"start":{"line":43,"column":7},"end":{"line":43,"column":27}},"type":"binary-expr","locations":[{"start":{"line":43,"column":7},"end":{"line":43,"column":12}},{"start":{"line":43,"column":16},"end":{"line":43,"column":27}}],"line":43},"5":{"loc":{"start":{"line":55,"column":4},"end":{"line":55,"column":24}},"type":"if","locations":[{"start":{"line":55,"column":4},"end":{"line":55,"column":24}},{"start":{},"end":{}}],"line":55},"6":{"loc":{"start":{"line":59,"column":8},"end":{"line":63,"column":9}},"type":"if","locations":[{"start":{"line":59,"column":8},"end":{"line":63,"column":9}},{"start":{"line":61,"column":13},"end":{"line":63,"column":9}}],"line":59},"7":{"loc":{"start":{"line":59,"column":11},"end":{"line":59,"column":23}},"type":"binary-expr","locations":[{"start":{"line":59,"column":11},"end":{"line":59,"column":13}},{"start":{"line":59,"column":17},"end":{"line":59,"column":23}}],"line":59},"8":{"loc":{"start":{"line":60,"column":21},"end":{"line":60,"column":81}},"type":"cond-expr","locations":[{"start":{"line":60,"column":64},"end":{"line":60,"column":66}},{"start":{"line":60,"column":69},"end":{"line":60,"column":81}}],"line":60},"9":{"loc":{"start":{"line":60,"column":22},"end":{"line":60,"column":60}},"type":"binary-expr","locations":[{"start":{"line":60,"column":22},"end":{"line":60,"column":35}},{"start":{"line":60,"column":39},"end":{"line":60,"column":48}},{"start":{"line":60,"column":52},"end":{"line":60,"column":60}}],"line":60},"10":{"loc":{"start":{"line":62,"column":37},"end":{"line":62,"column":72}},"type":"cond-expr","locations":[{"start":{"line":62,"column":54},"end":{"line":62,"column":67}},{"start":{"line":62,"column":70},"end":{"line":62,"column":72}}],"line":62},"11":{"loc":{"start":{"line":62,"column":37},"end":{"line":62,"column":51}},"type":"binary-expr","locations":[{"start":{"line":62,"column":37},"end":{"line":62,"column":42}},{"start":{"line":62,"column":46},"end":{"line":62,"column":51}}],"line":62},"12":{"loc":{"start":{"line":71,"column":4},"end":{"line":71,"column":21}},"type":"if","locations":[{"start":{"line":71,"column":4},"end":{"line":71,"column":21}},{"start":{},"end":{}}],"line":71},"13":{"loc":{"start":{"line":75,"column":8},"end":{"line":79,"column":9}},"type":"if","locations":[{"start":{"line":75,"column":8},"end":{"line":79,"column":9}},{"start":{"line":77,"column":13},"end":{"line":79,"column":9}}],"line":75},"14":{"loc":{"start":{"line":75,"column":11},"end":{"line":75,"column":23}},"type":"binary-expr","locations":[{"start":{"line":75,"column":11},"end":{"line":75,"column":13}},{"start":{"line":75,"column":17},"end":{"line":75,"column":23}}],"line":75},"15":{"loc":{"start":{"line":76,"column":21},"end":{"line":76,"column":69}},"type":"cond-expr","locations":[{"start":{"line":76,"column":52},"end":{"line":76,"column":54}},{"start":{"line":76,"column":57},"end":{"line":76,"column":69}}],"line":76},"16":{"loc":{"start":{"line":76,"column":22},"end":{"line":76,"column":48}},"type":"binary-expr","locations":[{"start":{"line":76,"column":22},"end":{"line":76,"column":35}},{"start":{"line":76,"column":39},"end":{"line":76,"column":48}}],"line":76},"17":{"loc":{"start":{"line":93,"column":8},"end":{"line":93,"column":38}},"type":"if","locations":[{"start":{"line":93,"column":8},"end":{"line":93,"column":38}},{"start":{},"end":{}}],"line":93},"18":{"loc":{"start":{"line":94,"column":8},"end":{"line":98,"column":9}},"type":"if","locations":[{"start":{"line":94,"column":8},"end":{"line":98,"column":9}},{"start":{"line":96,"column":13},"end":{"line":98,"column":9}}],"line":94},"19":{"loc":{"start":{"line":94,"column":11},"end":{"line":94,"column":47}},"type":"binary-expr","locations":[{"start":{"line":94,"column":11},"end":{"line":94,"column":23}},{"start":{"line":94,"column":27},"end":{"line":94,"column":47}}],"line":94},"20":{"loc":{"start":{"line":100,"column":50},"end":{"line":100,"column":106}},"type":"cond-expr","locations":[{"start":{"line":100,"column":65},"end":{"line":100,"column":67}},{"start":{"line":100,"column":71},"end":{"line":100,"column":105}}],"line":100},"21":{"loc":{"start":{"line":109,"column":4},"end":{"line":109,"column":23}},"type":"if","locations":[{"start":{"line":109,"column":4},"end":{"line":109,"column":23}},{"start":{},"end":{}}],"line":109},"22":{"loc":{"start":{"line":114,"column":4},"end":{"line":114,"column":24}},"type":"if","locations":[{"start":{"line":114,"column":4},"end":{"line":114,"column":24}},{"start":{},"end":{}}],"line":114},"23":{"loc":{"start":{"line":122,"column":8},"end":{"line":134,"column":9}},"type":"if","locations":[{"start":{"line":122,"column":8},"end":{"line":134,"column":9}},{"start":{"line":131,"column":13},"end":{"line":134,"column":9}}],"line":122},"24":{"loc":{"start":{"line":123,"column":12},"end":{"line":127,"column":13}},"type":"if","locations":[{"start":{"line":123,"column":12},"end":{"line":127,"column":13}},{"start":{},"end":{}}],"line":123},"25":{"loc":{"start":{"line":133,"column":12},"end":{"line":133,"column":51}},"type":"if","locations":[{"start":{"line":133,"column":12},"end":{"line":133,"column":51}},{"start":{},"end":{}}],"line":133},"26":{"loc":{"start":{"line":140,"column":4},"end":{"line":140,"column":23}},"type":"if","locations":[{"start":{"line":140,"column":4},"end":{"line":140,"column":23}},{"start":{},"end":{}}],"line":140},"27":{"loc":{"start":{"line":141,"column":4},"end":{"line":141,"column":42}},"type":"if","locations":[{"start":{"line":141,"column":4},"end":{"line":141,"column":42}},{"start":{},"end":{}}],"line":141},"28":{"loc":{"start":{"line":146,"column":8},"end":{"line":152,"column":9}},"type":"if","locations":[{"start":{"line":146,"column":8},"end":{"line":152,"column":9}},{"start":{"line":149,"column":13},"end":{"line":152,"column":9}}],"line":146},"29":{"loc":{"start":{"line":148,"column":12},"end":{"line":148,"column":48}},"type":"if","locations":[{"start":{"line":148,"column":12},"end":{"line":148,"column":48}},{"start":{},"end":{}}],"line":148},"30":{"loc":{"start":{"line":159,"column":4},"end":{"line":159,"column":23}},"type":"if","locations":[{"start":{"line":159,"column":4},"end":{"line":159,"column":23}},{"start":{},"end":{}}],"line":159},"31":{"loc":{"start":{"line":161,"column":4},"end":{"line":161,"column":35}},"type":"if","locations":[{"start":{"line":161,"column":4},"end":{"line":161,"column":35}},{"start":{},"end":{}}],"line":161},"32":{"loc":{"start":{"line":170,"column":4},"end":{"line":170,"column":45}},"type":"if","locations":[{"start":{"line":170,"column":4},"end":{"line":170,"column":45}},{"start":{},"end":{}}],"line":170},"33":{"loc":{"start":{"line":170,"column":7},"end":{"line":170,"column":34}},"type":"binary-expr","locations":[{"start":{"line":170,"column":7},"end":{"line":170,"column":11}},{"start":{"line":170,"column":15},"end":{"line":170,"column":34}}],"line":170}},"s":{"0":0,"1":0,"2":0,"3":0,"4":0,"5":0,"6":0,"7":0,"8":0,"9":0,"10":0,"11":0,"12":0,"13":0,"14":0,"15":0,"16":0,"17":0,"18":0,"19":0,"20":0,"21":0,"22":0,"23":0,"24":0,"25":0,"26":0,"27":0,"28":0,"29":0,"30":0,"31":0,"32":0,"33":0,"34":0,"35":0,"36":0,"37":0,"38":0,"39":0,"40":0,"41":0,"42":0,"43":0,"44":0,"45":0,"46":0,"47":0,"48":0,"49":0,"50":0,"51":0,"52":0,"53":0,"54":0,"55":0,"56":0,"57":0,"58":0,"59":0,"60":0,"61":0,"62":0,"63":0,"64":0,"65":0,"66":0,"67":0,"68":0,"69":0,"70":0,"71":0,"72":0,"73":0,"74":0,"75":0,"76":0,"77":0,"78":0,"79":0,"80":0,"81":0,"82":0,"83":0,"84":0,"85":0,"86":0,"87":0,"88":0,"89":0,"90":0,"91":0,"92":0,"93":0,"94":0,"95":0,"96":0,"97":0,"98":0,"99":0,"100":0,"101":0,"102":0,"103":0,"104":0,"105":0,"106":0},"f":{"0":0,"1":0,"2":0,"3":0,"4":0,"5":0,"6":0,"7":0,"8":0,"9":0,"10":0,"11":0,"12":0,"13":0,"14":0,"15":0,"16":0,"17":0},"b":{"0":[0,0],"1":[0,0],"2":[0,0],"3":[0,0],"4":[0,0],"5":[0,0],"6":[0,0],"7":[0,0],"8":[0,0],"9":[0,0,0],"10":[0,0],"11":[0,0],"12":[0,0],"13":[0,0],"14":[0,0],"15":[0,0],"16":[0,0],"17":[0,0],"18":[0,0],"19":[0,0],"20":[0,0],"21":[0,0],"22":[0,0],"23":[0,0],"24":[0,0],"25":[0,0],"26":[0,0],"27":[0,0],"28":[0,0],"29":[0,0],"30":[0,0],"31":[0,0],"32":[0,0],"33":[0,0]}}
}
